Using pre-set license
Built from '2020.3/staging' branch; Version is '2020.3.5f1 (8095aa901b9b) revision 8426922'; Using compiler version '192528614'; Build Type 'Release'
OS: 'Windows 10 Home Single Language; OS build 22000.527; Version 2009; 64bit' Language: 'en' Physical Memory: 32677 MB
BatchMode: 1, IsHumanControllingUs: 0, StartBugReporterOnCrash: 0, Is64bit: 1, IsPro: 0

 COMMAND LINE ARGUMENTS:
C:\Program Files\Unity\Hub\Editor\2020.3.5f1\Editor\Unity.exe
-adb2
-batchMode
-noUpm
-name
AssetImportWorker0
-projectPath
C:/Users/samar/OneDrive/Ambiente de Trabalho/Work in progress/Game Development/FPS_3D/FPS
-logFile
Logs/AssetImportWorker0.log
-srvPort
59904
Successfully changed project path to: C:/Users/samar/OneDrive/Ambiente de Trabalho/Work in progress/Game Development/FPS_3D/FPS
C:/Users/samar/OneDrive/Ambiente de Trabalho/Work in progress/Game Development/FPS_3D/FPS
Using Asset Import Pipeline V2.
Refreshing native plugins compatible for Editor in 20.40 ms, found 0 plugins.
Preloading 0 native plugins for Editor in 0.00 ms.
Initialize engine version: 2020.3.5f1 (8095aa901b9b)
[Subsystems] Discovering subsystems at path C:/Program Files/Unity/Hub/Editor/2020.3.5f1/Editor/Data/Resources/UnitySubsystems
[Subsystems] Discovering subsystems at path C:/Users/samar/OneDrive/Ambiente de Trabalho/Work in progress/Game Development/FPS_3D/FPS/Assets
GfxDevice: creating device client; threaded=0
Direct3D:
    Version:  Direct3D 11.0 [level 11.1]
    Renderer: NVIDIA GeForce RTX 3080 (ID=0x2216)
    Vendor:   
    VRAM:     10077 MB
    Driver:   30.0.14.7212
Initialize mono
Mono path[0] = 'C:/Program Files/Unity/Hub/Editor/2020.3.5f1/Editor/Data/Managed'
Mono path[1] = 'C:/Program Files/Unity/Hub/Editor/2020.3.5f1/Editor/Data/MonoBleedingEdge/lib/mono/unityjit'
Mono config path = 'C:/Program Files/Unity/Hub/Editor/2020.3.5f1/Editor/Data/MonoBleedingEdge/etc'
Using monoOptions --debugger-agent=transport=dt_socket,embedding=1,server=y,suspend=n,address=127.0.0.1:56880
Begin MonoManager ReloadAssembly
Registering precompiled unity dll's ...
Register platform support module: C:/Program Files/Unity/Hub/Editor/2020.3.5f1/Editor/Data/PlaybackEngines/WindowsStandaloneSupport/UnityEditor.WindowsStandalone.Extensions.dll
Registered in 0.001295 seconds.
Native extension for WindowsStandalone target not found
Refreshing native plugins compatible for Editor in 18.09 ms, found 0 plugins.
Preloading 0 native plugins for Editor in 0.00 ms.
Mono: successfully reloaded assembly
- Completed reload, in  1.904 seconds
Platform modules already initialized, skipping
Registering precompiled user dll's ...
Registered in 0.000649 seconds.
Begin MonoManager ReloadAssembly
Native extension for WindowsStandalone target not found
Refreshing native plugins compatible for Editor in 0.23 ms, found 0 plugins.
Preloading 0 native plugins for Editor in 0.00 ms.
Mono: successfully reloaded assembly
- Completed reload, in  0.674 seconds
Platform modules already initialized, skipping
========================================================================
Worker process is ready to serve import requests
Launched and connected shader compiler UnityShaderCompiler.exe after 0.05 seconds
Refreshing native plugins compatible for Editor in 0.26 ms, found 0 plugins.
Preloading 0 native plugins for Editor in 0.00 ms.
Unloading 1115 Unused Serialized files (Serialized files now loaded: 0)
System memory in use before: 57.5 MB.
System memory in use after: 57.6 MB.

Unloading 10 unused Assets to reduce memory usage. Loaded Objects now: 1557.
Total: 1.577600 ms (FindLiveObjects: 0.128400 ms CreateObjectMapping: 0.026100 ms MarkObjects: 1.358000 ms  DeleteObjects: 0.064300 ms)

========================================================================
Received Import Request.
  path: Assets
  artifactKey: Guid(00000000000000001000000000000000) Importer(815301076,1909f56bfc062723c751e8b465ee728b)
Start importing Assets using Guid(00000000000000001000000000000000) Importer(815301076,1909f56bfc062723c751e8b465ee728b)  -> (artifact id: 'e4856052512617ee48189cf1d7999900') in 0.004346 seconds
  Import took 0.005879 seconds .

========================================================================
Received Import Request.
  Time since last request: 2.846942 seconds.
  path: Assets/Materials
  artifactKey: Guid(a841f3b35b15c2347b937e703924c647) Importer(815301076,1909f56bfc062723c751e8b465ee728b)
Start importing Assets/Materials using Guid(a841f3b35b15c2347b937e703924c647) Importer(815301076,1909f56bfc062723c751e8b465ee728b)  -> (artifact id: '3a7c2781bede117a3aedf5a3930d47f9') in 0.001885 seconds
  Import took 0.003591 seconds .

========================================================================
Received Import Request.
  Time since last request: 9.129492 seconds.
  path: Assets/Materials/Floor.mat
  artifactKey: Guid(1b55afa6889671d4e9dce71d9d585e5c) Importer(815301076,1909f56bfc062723c751e8b465ee728b)
Start importing Assets/Materials/Floor.mat using Guid(1b55afa6889671d4e9dce71d9d585e5c) Importer(815301076,1909f56bfc062723c751e8b465ee728b)  -> (artifact id: '291f46c69a20d6d95849f091df9be5b4') in 0.109567 seconds
  Import took 0.111454 seconds .

========================================================================
Received Import Request.
  Time since last request: 745.098804 seconds.
  path: Assets/Materials/Floor.mat
  artifactKey: Guid(1b55afa6889671d4e9dce71d9d585e5c) Importer(815301076,1909f56bfc062723c751e8b465ee728b)
Start importing Assets/Materials/Floor.mat using Guid(1b55afa6889671d4e9dce71d9d585e5c) Importer(815301076,1909f56bfc062723c751e8b465ee728b)  -> (artifact id: '4425f165b54bbc78ecaabe19e167dd5b') in 0.009268 seconds
  Import took 0.011521 seconds .

========================================================================
Received Import Request.
  Time since last request: 8.939901 seconds.
  path: Assets/Materials/Player.mat
  artifactKey: Guid(0d8b92af1efb7314b93387d9a7aff115) Importer(815301076,1909f56bfc062723c751e8b465ee728b)
Start importing Assets/Materials/Player.mat using Guid(0d8b92af1efb7314b93387d9a7aff115) Importer(815301076,1909f56bfc062723c751e8b465ee728b)  -> (artifact id: '323be49c8a7a4bb7d8f6be30bfbf4aee') in 0.006339 seconds
  Import took 0.008187 seconds .

========================================================================
Received Prepare
Registering precompiled user dll's ...
Registered in 0.000461 seconds.
Begin MonoManager ReloadAssembly
Native extension for WindowsStandalone target not found
Refreshing native plugins compatible for Editor in 0.24 ms, found 0 plugins.
Preloading 0 native plugins for Editor in 0.00 ms.
Mono: successfully reloaded assembly
- Completed reload, in  0.638 seconds
Platform modules already initialized, skipping
Refreshing native plugins compatible for Editor in 0.36 ms, found 0 plugins.
Preloading 0 native plugins for Editor in 0.00 ms.
Unloading 1111 Unused Serialized files (Serialized files now loaded: 0)
System memory in use before: 60.8 MB.
System memory in use after: 60.9 MB.

Unloading 5 unused Assets to reduce memory usage. Loaded Objects now: 1601.
Total: 1.837100 ms (FindLiveObjects: 0.251000 ms CreateObjectMapping: 0.036400 ms MarkObjects: 1.489600 ms  DeleteObjects: 0.058300 ms)

========================================================================
Received Import Request.
  Time since last request: 1414.788241 seconds.
  path: Assets/Scripts
  artifactKey: Guid(fc7735ab12d5b4b439e3dda02fc514a1) Importer(815301076,1909f56bfc062723c751e8b465ee728b)
Start importing Assets/Scripts using Guid(fc7735ab12d5b4b439e3dda02fc514a1) Importer(815301076,1909f56bfc062723c751e8b465ee728b)  -> (artifact id: '70005845a18c33fd67f7e5a66578d80d') in 0.003916 seconds
  Import took 0.005608 seconds .

========================================================================
Received Import Request.
  Time since last request: 0.006286 seconds.
  path: Assets/Scripts
  artifactKey: Guid(fc7735ab12d5b4b439e3dda02fc514a1) Importer(815301076,1909f56bfc062723c751e8b465ee728b)
Start importing Assets/Scripts using Guid(fc7735ab12d5b4b439e3dda02fc514a1) Importer(815301076,1909f56bfc062723c751e8b465ee728b)  -> (artifact id: '70005845a18c33fd67f7e5a66578d80d') in 0.001450 seconds
  Import took 0.002605 seconds .

========================================================================
Received Prepare
Registering precompiled user dll's ...
Registered in 0.000552 seconds.
Begin MonoManager ReloadAssembly
Native extension for WindowsStandalone target not found
Refreshing native plugins compatible for Editor in 0.24 ms, found 0 plugins.
Preloading 0 native plugins for Editor in 0.00 ms.
Mono: successfully reloaded assembly
- Completed reload, in  0.635 seconds
Platform modules already initialized, skipping
Refreshing native plugins compatible for Editor in 0.25 ms, found 0 plugins.
Preloading 0 native plugins for Editor in 0.00 ms.
Unloading 1111 Unused Serialized files (Serialized files now loaded: 0)
System memory in use before: 60.8 MB.
System memory in use after: 60.9 MB.

Unloading 5 unused Assets to reduce memory usage. Loaded Objects now: 1604.
Total: 2.307600 ms (FindLiveObjects: 0.363800 ms CreateObjectMapping: 0.087500 ms MarkObjects: 1.808800 ms  DeleteObjects: 0.046600 ms)

========================================================================
Received Import Request.
  Time since last request: 8.207227 seconds.
  path: Assets/Scripts/Player
  artifactKey: Guid(c6461d4f8ead758488283b2c0e5c541f) Importer(815301076,1909f56bfc062723c751e8b465ee728b)
Start importing Assets/Scripts/Player using Guid(c6461d4f8ead758488283b2c0e5c541f) Importer(815301076,1909f56bfc062723c751e8b465ee728b)  -> (artifact id: '8e93227ca9c1fb37db12410780e00726') in 0.003850 seconds
  Import took 0.005676 seconds .

========================================================================
Received Import Request.
  Time since last request: 0.006306 seconds.
  path: Assets/Scripts/Player
  artifactKey: Guid(c6461d4f8ead758488283b2c0e5c541f) Importer(815301076,1909f56bfc062723c751e8b465ee728b)
Start importing Assets/Scripts/Player using Guid(c6461d4f8ead758488283b2c0e5c541f) Importer(815301076,1909f56bfc062723c751e8b465ee728b)  -> (artifact id: '8e93227ca9c1fb37db12410780e00726') in 0.001407 seconds
  Import took 0.002822 seconds .

========================================================================
Received Prepare
Registering precompiled user dll's ...
Registered in 0.000501 seconds.
Begin MonoManager ReloadAssembly
Native extension for WindowsStandalone target not found
Refreshing native plugins compatible for Editor in 0.38 ms, found 0 plugins.
Preloading 0 native plugins for Editor in 0.00 ms.
Mono: successfully reloaded assembly
- Completed reload, in  0.668 seconds
Platform modules already initialized, skipping
Refreshing native plugins compatible for Editor in 0.18 ms, found 0 plugins.
Preloading 0 native plugins for Editor in 0.00 ms.
Unloading 1111 Unused Serialized files (Serialized files now loaded: 0)
System memory in use before: 60.8 MB.
System memory in use after: 60.9 MB.

Unloading 5 unused Assets to reduce memory usage. Loaded Objects now: 1607.
Total: 1.521600 ms (FindLiveObjects: 0.113500 ms CreateObjectMapping: 0.027400 ms MarkObjects: 1.341700 ms  DeleteObjects: 0.038100 ms)

========================================================================
Received Import Request.
  Time since last request: 5.350929 seconds.
  path: Assets/Scripts/Player/MouseLook.cs
  artifactKey: Guid(99ba0a020b662c548831107357d71106) Importer(815301076,1909f56bfc062723c751e8b465ee728b)
Start importing Assets/Scripts/Player/MouseLook.cs using Guid(99ba0a020b662c548831107357d71106) Importer(815301076,1909f56bfc062723c751e8b465ee728b)  -> (artifact id: 'bde7d62e7ab74af5b9711e3194dedaa3') in 0.008543 seconds
  Import took 0.010308 seconds .

========================================================================
Received Prepare
Registering precompiled user dll's ...
Registered in 0.000484 seconds.
Begin MonoManager ReloadAssembly
Native extension for WindowsStandalone target not found
Refreshing native plugins compatible for Editor in 0.23 ms, found 0 plugins.
Preloading 0 native plugins for Editor in 0.00 ms.
Mono: successfully reloaded assembly
- Completed reload, in  0.627 seconds
Platform modules already initialized, skipping
Refreshing native plugins compatible for Editor in 0.18 ms, found 0 plugins.
Preloading 0 native plugins for Editor in 0.00 ms.
Unloading 1111 Unused Serialized files (Serialized files now loaded: 0)
System memory in use before: 60.9 MB.
System memory in use after: 60.9 MB.

Unloading 5 unused Assets to reduce memory usage. Loaded Objects now: 1610.
Total: 1.609400 ms (FindLiveObjects: 0.132700 ms CreateObjectMapping: 0.027800 ms MarkObjects: 1.408900 ms  DeleteObjects: 0.039100 ms)

========================================================================
Received Import Request.
  Time since last request: 1009.597969 seconds.
  path: Assets/Scripts/Player/MouseLook.cs
  artifactKey: Guid(99ba0a020b662c548831107357d71106) Importer(815301076,1909f56bfc062723c751e8b465ee728b)
Start importing Assets/Scripts/Player/MouseLook.cs using Guid(99ba0a020b662c548831107357d71106) Importer(815301076,1909f56bfc062723c751e8b465ee728b)  -> (artifact id: 'cc61469fab3e8644928352da3408a8ef') in 0.004120 seconds
  Import took 0.005835 seconds .

========================================================================
Received Prepare
Registering precompiled user dll's ...
Registered in 0.000621 seconds.
Begin MonoManager ReloadAssembly
Native extension for WindowsStandalone target not found
Refreshing native plugins compatible for Editor in 0.24 ms, found 0 plugins.
Preloading 0 native plugins for Editor in 0.00 ms.
Mono: successfully reloaded assembly
- Completed reload, in  0.650 seconds
Platform modules already initialized, skipping
Refreshing native plugins compatible for Editor in 0.20 ms, found 0 plugins.
Preloading 0 native plugins for Editor in 0.00 ms.
Unloading 1111 Unused Serialized files (Serialized files now loaded: 0)
System memory in use before: 60.9 MB.
System memory in use after: 60.9 MB.

Unloading 5 unused Assets to reduce memory usage. Loaded Objects now: 1613.
Total: 1.668500 ms (FindLiveObjects: 0.162800 ms CreateObjectMapping: 0.026000 ms MarkObjects: 1.428300 ms  DeleteObjects: 0.050000 ms)

========================================================================
Received Import Request.
  Time since last request: 113.970697 seconds.
  path: Assets/Scripts/Player/MouseLook.cs
  artifactKey: Guid(99ba0a020b662c548831107357d71106) Importer(815301076,1909f56bfc062723c751e8b465ee728b)
Start importing Assets/Scripts/Player/MouseLook.cs using Guid(99ba0a020b662c548831107357d71106) Importer(815301076,1909f56bfc062723c751e8b465ee728b)  -> (artifact id: 'c192f737bf3e7af97221bb2a8071a526') in 0.004197 seconds
  Import took 0.005820 seconds .

========================================================================
Received Import Request.
  Time since last request: 1.262114 seconds.
  path: Assets/Scripts/Player/MouseLook.cs
  artifactKey: Guid(99ba0a020b662c548831107357d71106) Importer(815301076,1909f56bfc062723c751e8b465ee728b)
Start importing Assets/Scripts/Player/MouseLook.cs using Guid(99ba0a020b662c548831107357d71106) Importer(815301076,1909f56bfc062723c751e8b465ee728b)  -> (artifact id: 'c192f737bf3e7af97221bb2a8071a526') in 0.001975 seconds
  Import took 0.003844 seconds .

========================================================================
Received Prepare
Registering precompiled user dll's ...
Registered in 0.000675 seconds.
Begin MonoManager ReloadAssembly
Native extension for WindowsStandalone target not found
Refreshing native plugins compatible for Editor in 0.26 ms, found 0 plugins.
Preloading 0 native plugins for Editor in 0.00 ms.
Mono: successfully reloaded assembly
- Completed reload, in  0.688 seconds
Platform modules already initialized, skipping
Refreshing native plugins compatible for Editor in 0.41 ms, found 0 plugins.
Preloading 0 native plugins for Editor in 0.00 ms.
Unloading 1111 Unused Serialized files (Serialized files now loaded: 0)
System memory in use before: 60.9 MB.
System memory in use after: 60.9 MB.

Unloading 5 unused Assets to reduce memory usage. Loaded Objects now: 1616.
Total: 3.033600 ms (FindLiveObjects: 0.389600 ms CreateObjectMapping: 0.100900 ms MarkObjects: 2.469800 ms  DeleteObjects: 0.071600 ms)

========================================================================
Received Prepare
Registering precompiled user dll's ...
Registered in 0.000621 seconds.
Begin MonoManager ReloadAssembly
Native extension for WindowsStandalone target not found
Refreshing native plugins compatible for Editor in 0.23 ms, found 0 plugins.
Preloading 0 native plugins for Editor in 0.00 ms.
Mono: successfully reloaded assembly
- Completed reload, in  0.634 seconds
Platform modules already initialized, skipping
Refreshing native plugins compatible for Editor in 0.32 ms, found 0 plugins.
Preloading 0 native plugins for Editor in 0.00 ms.
Unloading 1111 Unused Serialized files (Serialized files now loaded: 0)
System memory in use before: 60.9 MB.
System memory in use after: 60.9 MB.

Unloading 5 unused Assets to reduce memory usage. Loaded Objects now: 1619.
Total: 1.507600 ms (FindLiveObjects: 0.148900 ms CreateObjectMapping: 0.025100 ms MarkObjects: 1.292100 ms  DeleteObjects: 0.040700 ms)

========================================================================
Received Import Request.
  Time since last request: 949.664789 seconds.
  path: Assets/Scripts/Player/MouseLook.cs
  artifactKey: Guid(99ba0a020b662c548831107357d71106) Importer(815301076,1909f56bfc062723c751e8b465ee728b)
Start importing Assets/Scripts/Player/MouseLook.cs using Guid(99ba0a020b662c548831107357d71106) Importer(815301076,1909f56bfc062723c751e8b465ee728b)  -> (artifact id: '67727a2fd0f65678bf3eb8454670ef2c') in 0.003890 seconds
  Import took 0.005531 seconds .

========================================================================
Received Import Request.
  Time since last request: 1.308596 seconds.
  path: Assets/Scripts/Player/MouseLook.cs
  artifactKey: Guid(99ba0a020b662c548831107357d71106) Importer(815301076,1909f56bfc062723c751e8b465ee728b)
Start importing Assets/Scripts/Player/MouseLook.cs using Guid(99ba0a020b662c548831107357d71106) Importer(815301076,1909f56bfc062723c751e8b465ee728b)  -> (artifact id: '67727a2fd0f65678bf3eb8454670ef2c') in 0.001707 seconds
  Import took 0.003295 seconds .

========================================================================
Received Prepare
Registering precompiled user dll's ...
Registered in 0.000693 seconds.
Begin MonoManager ReloadAssembly
Native extension for WindowsStandalone target not found
Refreshing native plugins compatible for Editor in 0.23 ms, found 0 plugins.
Preloading 0 native plugins for Editor in 0.00 ms.
Mono: successfully reloaded assembly
- Completed reload, in  0.630 seconds
Platform modules already initialized, skipping
Refreshing native plugins compatible for Editor in 0.21 ms, found 0 plugins.
Preloading 0 native plugins for Editor in 0.00 ms.
Unloading 1111 Unused Serialized files (Serialized files now loaded: 0)
System memory in use before: 60.9 MB.
System memory in use after: 61.0 MB.

Unloading 5 unused Assets to reduce memory usage. Loaded Objects now: 1622.
Total: 1.528700 ms (FindLiveObjects: 0.152200 ms CreateObjectMapping: 0.025100 ms MarkObjects: 1.304100 ms  DeleteObjects: 0.046300 ms)

========================================================================
Received Prepare
Registering precompiled user dll's ...
Registered in 0.000971 seconds.
Begin MonoManager ReloadAssembly
Native extension for WindowsStandalone target not found
Refreshing native plugins compatible for Editor in 0.24 ms, found 0 plugins.
Preloading 0 native plugins for Editor in 0.00 ms.
Mono: successfully reloaded assembly
- Completed reload, in  0.646 seconds
Platform modules already initialized, skipping
Refreshing native plugins compatible for Editor in 24.37 ms, found 0 plugins.
Preloading 0 native plugins for Editor in 0.00 ms.
Unloading 1111 Unused Serialized files (Serialized files now loaded: 0)
System memory in use before: 60.9 MB.
System memory in use after: 61.0 MB.

Unloading 5 unused Assets to reduce memory usage. Loaded Objects now: 1625.
Total: 3.146500 ms (FindLiveObjects: 0.332500 ms CreateObjectMapping: 0.147500 ms MarkObjects: 2.567000 ms  DeleteObjects: 0.098000 ms)

========================================================================
Received Prepare
Registering precompiled user dll's ...
Registered in 0.000590 seconds.
Begin MonoManager ReloadAssembly
Native extension for WindowsStandalone target not found
Refreshing native plugins compatible for Editor in 0.23 ms, found 0 plugins.
Preloading 0 native plugins for Editor in 0.00 ms.
Mono: successfully reloaded assembly
- Completed reload, in  0.634 seconds
Platform modules already initialized, skipping
Refreshing native plugins compatible for Editor in 0.22 ms, found 0 plugins.
Preloading 0 native plugins for Editor in 0.00 ms.
Unloading 1111 Unused Serialized files (Serialized files now loaded: 0)
System memory in use before: 60.9 MB.
System memory in use after: 61.0 MB.

Unloading 5 unused Assets to reduce memory usage. Loaded Objects now: 1628.
Total: 1.830800 ms (FindLiveObjects: 0.242000 ms CreateObjectMapping: 0.037000 ms MarkObjects: 1.490000 ms  DeleteObjects: 0.060500 ms)

========================================================================
Received Prepare
Registering precompiled user dll's ...
Registered in 0.000544 seconds.
Begin MonoManager ReloadAssembly
Native extension for WindowsStandalone target not found
Refreshing native plugins compatible for Editor in 0.24 ms, found 0 plugins.
Preloading 0 native plugins for Editor in 0.00 ms.
Mono: successfully reloaded assembly
- Completed reload, in  0.614 seconds
Platform modules already initialized, skipping
Refreshing native plugins compatible for Editor in 0.22 ms, found 0 plugins.
Preloading 0 native plugins for Editor in 0.00 ms.
Unloading 1111 Unused Serialized files (Serialized files now loaded: 0)
System memory in use before: 60.9 MB.
System memory in use after: 61.0 MB.

Unloading 5 unused Assets to reduce memory usage. Loaded Objects now: 1631.
Total: 1.604900 ms (FindLiveObjects: 0.144800 ms CreateObjectMapping: 0.031000 ms MarkObjects: 1.381400 ms  DeleteObjects: 0.046700 ms)

========================================================================
Received Prepare
Registering precompiled user dll's ...
Registered in 0.001020 seconds.
Begin MonoManager ReloadAssembly
Native extension for WindowsStandalone target not found
Refreshing native plugins compatible for Editor in 0.27 ms, found 0 plugins.
Preloading 0 native plugins for Editor in 0.00 ms.
Mono: successfully reloaded assembly
- Completed reload, in  0.645 seconds
Platform modules already initialized, skipping
Refreshing native plugins compatible for Editor in 0.34 ms, found 0 plugins.
Preloading 0 native plugins for Editor in 0.00 ms.
Unloading 1111 Unused Serialized files (Serialized files now loaded: 0)
System memory in use before: 60.9 MB.
System memory in use after: 61.0 MB.

Unloading 5 unused Assets to reduce memory usage. Loaded Objects now: 1634.
Total: 1.698500 ms (FindLiveObjects: 0.214300 ms CreateObjectMapping: 0.026700 ms MarkObjects: 1.409100 ms  DeleteObjects: 0.047600 ms)

========================================================================
Received Prepare
Registering precompiled user dll's ...
Registered in 0.000516 seconds.
Begin MonoManager ReloadAssembly
Native extension for WindowsStandalone target not found
Refreshing native plugins compatible for Editor in 0.23 ms, found 0 plugins.
Preloading 0 native plugins for Editor in 0.00 ms.
Mono: successfully reloaded assembly
- Completed reload, in  0.688 seconds
Platform modules already initialized, skipping
Refreshing native plugins compatible for Editor in 0.21 ms, found 0 plugins.
Preloading 0 native plugins for Editor in 0.00 ms.
Unloading 1111 Unused Serialized files (Serialized files now loaded: 0)
System memory in use before: 60.9 MB.
System memory in use after: 61.0 MB.

Unloading 5 unused Assets to reduce memory usage. Loaded Objects now: 1637.
Total: 1.569100 ms (FindLiveObjects: 0.135800 ms CreateObjectMapping: 0.027000 ms MarkObjects: 1.360400 ms  DeleteObjects: 0.044900 ms)

========================================================================
Received Prepare
Registering precompiled user dll's ...
Registered in 0.000506 seconds.
Begin MonoManager ReloadAssembly
Native extension for WindowsStandalone target not found
Refreshing native plugins compatible for Editor in 0.24 ms, found 0 plugins.
Preloading 0 native plugins for Editor in 0.00 ms.
Mono: successfully reloaded assembly
- Completed reload, in  0.619 seconds
Platform modules already initialized, skipping
Refreshing native plugins compatible for Editor in 0.20 ms, found 0 plugins.
Preloading 0 native plugins for Editor in 0.00 ms.
Unloading 1111 Unused Serialized files (Serialized files now loaded: 0)
System memory in use before: 60.9 MB.
System memory in use after: 61.0 MB.

Unloading 5 unused Assets to reduce memory usage. Loaded Objects now: 1640.
Total: 1.701700 ms (FindLiveObjects: 0.208100 ms CreateObjectMapping: 0.049300 ms MarkObjects: 1.397200 ms  DeleteObjects: 0.046200 ms)

========================================================================
Received Prepare
Registering precompiled user dll's ...
Registered in 0.000536 seconds.
Begin MonoManager ReloadAssembly
Native extension for WindowsStandalone target not found
Refreshing native plugins compatible for Editor in 0.24 ms, found 0 plugins.
Preloading 0 native plugins for Editor in 0.00 ms.
Mono: successfully reloaded assembly
- Completed reload, in  0.690 seconds
Platform modules already initialized, skipping
Refreshing native plugins compatible for Editor in 0.35 ms, found 0 plugins.
Preloading 0 native plugins for Editor in 0.00 ms.
Unloading 1111 Unused Serialized files (Serialized files now loaded: 0)
System memory in use before: 60.9 MB.
System memory in use after: 61.0 MB.

Unloading 5 unused Assets to reduce memory usage. Loaded Objects now: 1643.
Total: 1.729400 ms (FindLiveObjects: 0.221400 ms CreateObjectMapping: 0.025800 ms MarkObjects: 1.437300 ms  DeleteObjects: 0.043800 ms)

========================================================================
Received Prepare
Registering precompiled user dll's ...
Registered in 0.000552 seconds.
Begin MonoManager ReloadAssembly
Native extension for WindowsStandalone target not found
Refreshing native plugins compatible for Editor in 0.24 ms, found 0 plugins.
Preloading 0 native plugins for Editor in 0.00 ms.
Mono: successfully reloaded assembly
- Completed reload, in  0.633 seconds
Platform modules already initialized, skipping
Refreshing native plugins compatible for Editor in 0.21 ms, found 0 plugins.
Preloading 0 native plugins for Editor in 0.00 ms.
Unloading 1111 Unused Serialized files (Serialized files now loaded: 0)
System memory in use before: 61.0 MB.
System memory in use after: 61.0 MB.

Unloading 5 unused Assets to reduce memory usage. Loaded Objects now: 1646.
Total: 1.679200 ms (FindLiveObjects: 0.184700 ms CreateObjectMapping: 0.028800 ms MarkObjects: 1.422200 ms  DeleteObjects: 0.042500 ms)

========================================================================
Received Import Request.
  Time since last request: 818.536701 seconds.
  path: Assets/Scripts/Player/MouseLook.cs
  artifactKey: Guid(99ba0a020b662c548831107357d71106) Importer(815301076,1909f56bfc062723c751e8b465ee728b)
Start importing Assets/Scripts/Player/MouseLook.cs using Guid(99ba0a020b662c548831107357d71106) Importer(815301076,1909f56bfc062723c751e8b465ee728b)  -> (artifact id: '2d72281b2c09f5f2d04bc1d7df66206a') in 0.004104 seconds
  Import took 0.005927 seconds .

========================================================================
Received Import Request.
  Time since last request: 0.000731 seconds.
  path: Assets/Scripts/Player/MouseLook.cs
  artifactKey: Guid(99ba0a020b662c548831107357d71106) Importer(815301076,1909f56bfc062723c751e8b465ee728b)
Start importing Assets/Scripts/Player/MouseLook.cs using Guid(99ba0a020b662c548831107357d71106) Importer(815301076,1909f56bfc062723c751e8b465ee728b)  -> (artifact id: '2d72281b2c09f5f2d04bc1d7df66206a') in 0.001570 seconds
  Import took 0.002771 seconds .

========================================================================
Received Import Request.
  Time since last request: 5.209296 seconds.
  path: Assets/Scripts/Player/PlayerMovement.cs
  artifactKey: Guid(99ba0a020b662c548831107357d71106) Importer(815301076,1909f56bfc062723c751e8b465ee728b)
Start importing Assets/Scripts/Player/PlayerMovement.cs using Guid(99ba0a020b662c548831107357d71106) Importer(815301076,1909f56bfc062723c751e8b465ee728b)  -> (artifact id: '2864acadcd71a7488cc51cb8a763d6a5') in 0.002294 seconds
  Import took 0.004204 seconds .

========================================================================
Received Prepare
Registering precompiled user dll's ...
Registered in 0.000465 seconds.
Begin MonoManager ReloadAssembly
Native extension for WindowsStandalone target not found
Refreshing native plugins compatible for Editor in 0.23 ms, found 0 plugins.
Preloading 0 native plugins for Editor in 0.00 ms.
Mono: successfully reloaded assembly
- Completed reload, in  0.642 seconds
Platform modules already initialized, skipping
Refreshing native plugins compatible for Editor in 0.21 ms, found 0 plugins.
Preloading 0 native plugins for Editor in 0.00 ms.
Unloading 1111 Unused Serialized files (Serialized files now loaded: 0)
System memory in use before: 61.0 MB.
System memory in use after: 61.0 MB.

Unloading 5 unused Assets to reduce memory usage. Loaded Objects now: 1649.
Total: 1.959800 ms (FindLiveObjects: 0.184300 ms CreateObjectMapping: 0.028700 ms MarkObjects: 1.710400 ms  DeleteObjects: 0.035400 ms)

========================================================================
Received Prepare
Registering precompiled user dll's ...
Registered in 0.000638 seconds.
Begin MonoManager ReloadAssembly
Native extension for WindowsStandalone target not found
Refreshing native plugins compatible for Editor in 0.36 ms, found 0 plugins.
Preloading 0 native plugins for Editor in 0.00 ms.
Mono: successfully reloaded assembly
- Completed reload, in  0.676 seconds
Platform modules already initialized, skipping
Refreshing native plugins compatible for Editor in 0.24 ms, found 0 plugins.
Preloading 0 native plugins for Editor in 0.00 ms.
Unloading 1111 Unused Serialized files (Serialized files now loaded: 0)
System memory in use before: 61.0 MB.
System memory in use after: 61.1 MB.

Unloading 5 unused Assets to reduce memory usage. Loaded Objects now: 1652.
Total: 1.907700 ms (FindLiveObjects: 0.207600 ms CreateObjectMapping: 0.027800 ms MarkObjects: 1.615300 ms  DeleteObjects: 0.055600 ms)

========================================================================
Received Import Request.
  Time since last request: 128.620751 seconds.
  path: Assets/Scripts/Player/PlayerMovement.cs
  artifactKey: Guid(99ba0a020b662c548831107357d71106) Importer(815301076,1909f56bfc062723c751e8b465ee728b)
Start importing Assets/Scripts/Player/PlayerMovement.cs using Guid(99ba0a020b662c548831107357d71106) Importer(815301076,1909f56bfc062723c751e8b465ee728b)  -> (artifact id: '86354a1dc6472e6750273df22b2fa5a8') in 0.004189 seconds
  Import took 0.006224 seconds .

========================================================================
Received Prepare
Registering precompiled user dll's ...
Registered in 0.000721 seconds.
Begin MonoManager ReloadAssembly
Native extension for WindowsStandalone target not found
Refreshing native plugins compatible for Editor in 0.23 ms, found 0 plugins.
Preloading 0 native plugins for Editor in 0.00 ms.
Mono: successfully reloaded assembly
- Completed reload, in  0.697 seconds
Platform modules already initialized, skipping
Refreshing native plugins compatible for Editor in 0.24 ms, found 0 plugins.
Preloading 0 native plugins for Editor in 0.00 ms.
Unloading 1111 Unused Serialized files (Serialized files now loaded: 0)
System memory in use before: 61.0 MB.
System memory in use after: 61.1 MB.

Unloading 5 unused Assets to reduce memory usage. Loaded Objects now: 1655.
Total: 3.627000 ms (FindLiveObjects: 0.502700 ms CreateObjectMapping: 0.073600 ms MarkObjects: 2.972700 ms  DeleteObjects: 0.075200 ms)

========================================================================
Received Prepare
Registering precompiled user dll's ...
Registered in 0.000583 seconds.
Begin MonoManager ReloadAssembly
Native extension for WindowsStandalone target not found
Refreshing native plugins compatible for Editor in 0.24 ms, found 0 plugins.
Preloading 0 native plugins for Editor in 0.00 ms.
Mono: successfully reloaded assembly
- Completed reload, in  0.632 seconds
Platform modules already initialized, skipping
Refreshing native plugins compatible for Editor in 0.38 ms, found 0 plugins.
Preloading 0 native plugins for Editor in 0.00 ms.
Unloading 1111 Unused Serialized files (Serialized files now loaded: 0)
System memory in use before: 61.0 MB.
System memory in use after: 61.1 MB.

Unloading 5 unused Assets to reduce memory usage. Loaded Objects now: 1658.
Total: 2.172700 ms (FindLiveObjects: 0.291100 ms CreateObjectMapping: 0.036700 ms MarkObjects: 1.790300 ms  DeleteObjects: 0.053400 ms)

========================================================================
Received Prepare
Registering precompiled user dll's ...
Registered in 0.000609 seconds.
Begin MonoManager ReloadAssembly
Native extension for WindowsStandalone target not found
Refreshing native plugins compatible for Editor in 0.24 ms, found 0 plugins.
Preloading 0 native plugins for Editor in 0.00 ms.
Mono: successfully reloaded assembly
- Completed reload, in  0.645 seconds
Platform modules already initialized, skipping
Refreshing native plugins compatible for Editor in 0.22 ms, found 0 plugins.
Preloading 0 native plugins for Editor in 0.00 ms.
Unloading 1111 Unused Serialized files (Serialized files now loaded: 0)
System memory in use before: 61.0 MB.
System memory in use after: 61.1 MB.

Unloading 5 unused Assets to reduce memory usage. Loaded Objects now: 1661.
Total: 1.611400 ms (FindLiveObjects: 0.152600 ms CreateObjectMapping: 0.027900 ms MarkObjects: 1.387200 ms  DeleteObjects: 0.043000 ms)

========================================================================
Received Import Request.
  Time since last request: 972.805141 seconds.
  path: Assets/Scenes
  artifactKey: Guid(82992cca206170b4ca87e615633c9629) Importer(815301076,1909f56bfc062723c751e8b465ee728b)
Start importing Assets/Scenes using Guid(82992cca206170b4ca87e615633c9629) Importer(815301076,1909f56bfc062723c751e8b465ee728b)  -> (artifact id: 'b916bfc254965c64512bf683dd6f2c3f') in 0.004595 seconds
  Import took 0.006655 seconds .

========================================================================
Received Import Request.
  Time since last request: 4.748357 seconds.
  path: Assets/Scenes/SampleScene.unity
  artifactKey: Guid(9fc0d4010bbf28b4594072e72b8655ab) Importer(815301076,1909f56bfc062723c751e8b465ee728b)
Start importing Assets/Scenes/SampleScene.unity using Guid(9fc0d4010bbf28b4594072e72b8655ab) Importer(815301076,1909f56bfc062723c751e8b465ee728b)  -> (artifact id: '6709585ef4d53451b56e8e100165a0e0') in 0.009699 seconds
  Import took 0.011656 seconds .

========================================================================
Received Import Request.
  Time since last request: 7.041982 seconds.
  path: Assets/Scenes/MainScene.unity
  artifactKey: Guid(9fc0d4010bbf28b4594072e72b8655ab) Importer(815301076,1909f56bfc062723c751e8b465ee728b)
Start importing Assets/Scenes/MainScene.unity using Guid(9fc0d4010bbf28b4594072e72b8655ab) Importer(815301076,1909f56bfc062723c751e8b465ee728b)  -> (artifact id: 'ec17dde16124de4fe75b1b63eed8dc5c') in 0.002119 seconds
  Import took 0.003825 seconds .

AssetImportWorkerClient::OnTransportError - code=2 error=End of file
